<?xml version="1.0" encoding="UTF-8"?>
<testng-results ignored="0" total="1" passed="1" failed="0" skipped="0">
  <reporter-output>
  </reporter-output>
  <suite started-at="2021-08-13T14:10:01Z" name="Default suite" finished-at="2021-08-13T14:10:14Z" duration-ms="12979">
    <groups>
    </groups>
    <test started-at="2021-08-13T14:10:01Z" name="Default test" finished-at="2021-08-13T14:10:14Z" duration-ms="12979">
      <class name="com.bookmyshow.Test.MoviesTest">
        <test-method is-config="true" signature="openBrowser()[pri:0, instance:com.bookmyshow.Test.MoviesTest@50468873]" started-at="2021-08-13T14:10:01Z" name="openBrowser" finished-at="2021-08-13T14:10:03Z" duration-ms="2261" status="PASS">
          <reporter-output>
          </reporter-output>
        </test-method> <!-- openBrowser -->
        <test-method signature="moviesPageTest()[pri:0, instance:com.bookmyshow.Test.MoviesTest@50468873]" started-at="2021-08-13T14:10:03Z" name="moviesPageTest" finished-at="2021-08-13T14:10:13Z" duration-ms="10097" status="PASS">
          <reporter-output>
          </reporter-output>
        </test-method> <!-- moviesPageTest -->
        <test-method is-config="true" signature="closeAll()[pri:0, instance:com.bookmyshow.Test.MoviesTest@50468873]" started-at="2021-08-13T14:10:13Z" name="closeAll" finished-at="2021-08-13T14:10:14Z" duration-ms="600" status="PASS">
          <reporter-output>
          </reporter-output>
        </test-method> <!-- closeAll -->
      </class> <!-- com.bookmyshow.Test.MoviesTest -->
    </test> <!-- Default test -->
  </suite> <!-- Default suite -->
</testng-results>
